<?xml version="1.0" encoding="UTF-8"?>
<testsuite xmlns:xsi="http://www.w3.org/2001/XMLSchema-instance" xsi:noNamespaceSchemaLocation="https://maven.apache.org/surefire/maven-surefire-plugin/xsd/surefire-test-report-3.0.xsd" version="3.0" name="com.sg.classroster.service.ClassRosterServiceLayerImplTest" time="0.081" tests="6" errors="0" skipped="0" failures="0">
  <properties>
    <property name="gopherProxySet" value="false"/>
    <property name="awt.toolkit" value="sun.lwawt.macosx.LWCToolkit"/>
    <property name="java.specification.version" value="11"/>
    <property name="sun.cpu.isalist" value=""/>
    <property name="sun.jnu.encoding" value="UTF-8"/>
    <property name="java.class.path" value="/Users/mohammedchowdhury/Desktop/SoftwareGuild/GuildJava/SoftwareGuildJava/Milestone3/ClassRoster/target/test-classes:/Users/mohammedchowdhury/Desktop/SoftwareGuild/GuildJava/SoftwareGuildJava/Milestone3/ClassRoster/target/classes:/Users/mohammedchowdhury/.m2/repository/org/junit/jupiter/junit-jupiter-api/5.5.2/junit-jupiter-api-5.5.2.jar:/Users/mohammedchowdhury/.m2/repository/org/apiguardian/apiguardian-api/1.1.0/apiguardian-api-1.1.0.jar:/Users/mohammedchowdhury/.m2/repository/org/opentest4j/opentest4j/1.2.0/opentest4j-1.2.0.jar:/Users/mohammedchowdhury/.m2/repository/org/junit/platform/junit-platform-commons/1.5.2/junit-platform-commons-1.5.2.jar:/Users/mohammedchowdhury/.m2/repository/org/junit/jupiter/junit-jupiter-params/5.5.2/junit-jupiter-params-5.5.2.jar:/Users/mohammedchowdhury/.m2/repository/org/junit/jupiter/junit-jupiter-engine/5.5.2/junit-jupiter-engine-5.5.2.jar:/Users/mohammedchowdhury/.m2/repository/org/junit/platform/junit-platform-engine/1.5.2/junit-platform-engine-1.5.2.jar:"/>
    <property name="java.vm.vendor" value="Oracle Corporation"/>
    <property name="sun.arch.data.model" value="64"/>
    <property name="java.vendor.url" value="http://java.oracle.com/"/>
    <property name="user.timezone" value=""/>
    <property name="java.vm.specification.version" value="11"/>
    <property name="os.name" value="Mac OS X"/>
    <property name="user.country" value="US"/>
    <property name="sun.java.launcher" value="SUN_STANDARD"/>
    <property name="sun.boot.library.path" value="/Library/Java/JavaVirtualMachines/jdk-11.0.3.jdk/Contents/Home/lib"/>
    <property name="sun.java.command" value="/Users/mohammedchowdhury/Desktop/SoftwareGuild/GuildJava/SoftwareGuildJava/Milestone3/ClassRoster/target/surefire/surefirebooter10239767328563651134.jar /Users/mohammedchowdhury/Desktop/SoftwareGuild/GuildJava/SoftwareGuildJava/Milestone3/ClassRoster/target/surefire 2020-05-31T17-07-21_617-jvmRun1 surefire13282969600114261919tmp surefire_05892460863835996200tmp"/>
    <property name="jdk.debug" value="release"/>
    <property name="test" value="com.sg.classroster.service.ClassRosterServiceLayerImplTest"/>
    <property name="surefire.test.class.path" value="/Users/mohammedchowdhury/Desktop/SoftwareGuild/GuildJava/SoftwareGuildJava/Milestone3/ClassRoster/target/test-classes:/Users/mohammedchowdhury/Desktop/SoftwareGuild/GuildJava/SoftwareGuildJava/Milestone3/ClassRoster/target/classes:/Users/mohammedchowdhury/.m2/repository/org/junit/jupiter/junit-jupiter-api/5.5.2/junit-jupiter-api-5.5.2.jar:/Users/mohammedchowdhury/.m2/repository/org/apiguardian/apiguardian-api/1.1.0/apiguardian-api-1.1.0.jar:/Users/mohammedchowdhury/.m2/repository/org/opentest4j/opentest4j/1.2.0/opentest4j-1.2.0.jar:/Users/mohammedchowdhury/.m2/repository/org/junit/platform/junit-platform-commons/1.5.2/junit-platform-commons-1.5.2.jar:/Users/mohammedchowdhury/.m2/repository/org/junit/jupiter/junit-jupiter-params/5.5.2/junit-jupiter-params-5.5.2.jar:/Users/mohammedchowdhury/.m2/repository/org/junit/jupiter/junit-jupiter-engine/5.5.2/junit-jupiter-engine-5.5.2.jar:/Users/mohammedchowdhury/.m2/repository/org/junit/platform/junit-platform-engine/1.5.2/junit-platform-engine-1.5.2.jar:"/>
    <property name="sun.cpu.endian" value="little"/>
    <property name="user.home" value="/Users/mohammedchowdhury"/>
    <property name="user.language" value="en"/>
    <property name="java.specification.vendor" value="Oracle Corporation"/>
    <property name="java.version.date" value="2019-04-16"/>
    <property name="java.home" value="/Library/Java/JavaVirtualMachines/jdk-11.0.3.jdk/Contents/Home"/>
    <property name="file.separator" value="/"/>
    <property name="basedir" value="/Users/mohammedchowdhury/Desktop/SoftwareGuild/GuildJava/SoftwareGuildJava/Milestone3/ClassRoster"/>
    <property name="java.vm.compressedOopsMode" value="Zero based"/>
    <property name="line.separator" value="&#10;"/>
    <property name="java.specification.name" value="Java Platform API Specification"/>
    <property name="java.vm.specification.vendor" value="Oracle Corporation"/>
    <property name="java.awt.graphicsenv" value="sun.awt.CGraphicsEnvironment"/>
    <property name="surefire.real.class.path" value="/Users/mohammedchowdhury/Desktop/SoftwareGuild/GuildJava/SoftwareGuildJava/Milestone3/ClassRoster/target/surefire/surefirebooter10239767328563651134.jar"/>
    <property name="sun.management.compiler" value="HotSpot 64-Bit Tiered Compilers"/>
    <property name="java.runtime.version" value="11.0.3+12-LTS"/>
    <property name="user.name" value="mohammedchowdhury"/>
    <property name="path.separator" value=":"/>
    <property name="os.version" value="10.15.5"/>
    <property name="java.runtime.name" value="Java(TM) SE Runtime Environment"/>
    <property name="file.encoding" value="UTF-8"/>
    <property name="java.vm.name" value="Java HotSpot(TM) 64-Bit Server VM"/>
    <property name="java.vendor.version" value="18.9"/>
    <property name="maven.ext.class.path" value="/Applications/NetBeans/Apache NetBeans 11.3.app/Contents/Resources/NetBeans/netbeans/java/maven-nblib/netbeans-eventspy.jar"/>
    <property name="localRepository" value="/Users/mohammedchowdhury/.m2/repository"/>
    <property name="java.vendor.url.bug" value="http://bugreport.java.com/bugreport/"/>
    <property name="java.io.tmpdir" value="/var/folders/dy/8f8nmlsn4xl1ftzrnxdc7bzr0000gn/T/"/>
    <property name="java.version" value="11.0.3"/>
    <property name="user.dir" value="/Users/mohammedchowdhury/Desktop/SoftwareGuild/GuildJava/SoftwareGuildJava/Milestone3/ClassRoster"/>
    <property name="os.arch" value="x86_64"/>
    <property name="java.vm.specification.name" value="Java Virtual Machine Specification"/>
    <property name="java.awt.printerjob" value="sun.lwawt.macosx.CPrinterJob"/>
    <property name="sun.os.patch.level" value="unknown"/>
    <property name="java.library.path" value="/Users/mohammedchowdhury/Library/Java/Extensions:/Library/Java/Extensions:/Network/Library/Java/Extensions:/System/Library/Java/Extensions:/usr/lib/java:."/>
    <property name="java.vendor" value="Oracle Corporation"/>
    <property name="java.vm.info" value="mixed mode"/>
    <property name="java.vm.version" value="11.0.3+12-LTS"/>
    <property name="sun.io.unicode.encoding" value="UnicodeBig"/>
    <property name="java.class.version" value="55.0"/>
  </properties>
  <testcase name="testCreateDuplicateIdStudent" classname="com.sg.classroster.service.ClassRosterServiceLayerImplTest" time="0.03"/>
  <testcase name="testGetStudent" classname="com.sg.classroster.service.ClassRosterServiceLayerImplTest" time="0.004"/>
  <testcase name="testGetAllStudents" classname="com.sg.classroster.service.ClassRosterServiceLayerImplTest" time="0.004"/>
  <testcase name="testCreateStudentInvalidData" classname="com.sg.classroster.service.ClassRosterServiceLayerImplTest" time="0.001"/>
  <testcase name="testRemoveStudent" classname="com.sg.classroster.service.ClassRosterServiceLayerImplTest" time="0.002"/>
  <testcase name="testCreateValidStudent" classname="com.sg.classroster.service.ClassRosterServiceLayerImplTest" time="0.001"/>
</testsuite>